INFO:  latexindent version 3.20.1, 2023-01-07, a script to indent .tex files
       latexindent lives here: /usr/share/texlive/texmf-dist/scripts/latexindent/
       Fri Apr 17 15:50:08 2026
       Filename: /home/uni/literature-paper-submission-visualization/quantum-entanglement-visualization-survey.tex
INFO:  Processing switches:
       -s|--silent: Silent mode active (you have used either -s or --silent)
       -w|--overwrite: Overwrite mode active, will make a back up before overwriting
INFO:  Directory for backup files and indent.log:
       /home/uni/literature-paper-submission-visualization
INFO:  YAML settings read: defaultSettings.yaml
       Reading defaultSettings.yaml from /usr/share/texlive/texmf-dist/scripts/latexindent/defaultSettings.yaml
INFO:  YAML reading settings
       Home directory is /home/uni
       latexindent.pl didn't find indentconfig.yaml or .indentconfig.yaml
       see all possible locations: https://latexindentpl.readthedocs.io/en/latest/sec-appendices.html#indentconfig-options)
INFO:  Backup procedure (-w flag active):
       /home/uni/literature-paper-submission-visualization/quantum-entanglement-visualization-survey.bak0 already exists, incrementing by 1... (see maxNumberOfBackUps and onlyOneBackUp)
       /home/uni/literature-paper-submission-visualization/quantum-entanglement-visualization-survey.bak1 already exists, incrementing by 1... (see maxNumberOfBackUps and onlyOneBackUp)
       /home/uni/literature-paper-submission-visualization/quantum-entanglement-visualization-survey.bak2 already exists, incrementing by 1... (see maxNumberOfBackUps and onlyOneBackUp)
       /home/uni/literature-paper-submission-visualization/quantum-entanglement-visualization-survey.bak3 already exists, incrementing by 1... (see maxNumberOfBackUps and onlyOneBackUp)
       /home/uni/literature-paper-submission-visualization/quantum-entanglement-visualization-survey.bak4 already exists, incrementing by 1... (see maxNumberOfBackUps and onlyOneBackUp)
       /home/uni/literature-paper-submission-visualization/quantum-entanglement-visualization-survey.bak5 already exists, incrementing by 1... (see maxNumberOfBackUps and onlyOneBackUp)
       /home/uni/literature-paper-submission-visualization/quantum-entanglement-visualization-survey.bak6 already exists, incrementing by 1... (see maxNumberOfBackUps and onlyOneBackUp)
       /home/uni/literature-paper-submission-visualization/quantum-entanglement-visualization-survey.bak7 already exists, incrementing by 1... (see maxNumberOfBackUps and onlyOneBackUp)
       /home/uni/literature-paper-submission-visualization/quantum-entanglement-visualization-survey.bak8 already exists, incrementing by 1... (see maxNumberOfBackUps and onlyOneBackUp)
       /home/uni/literature-paper-submission-visualization/quantum-entanglement-visualization-survey.bak9 already exists, incrementing by 1... (see maxNumberOfBackUps and onlyOneBackUp)
       /home/uni/literature-paper-submission-visualization/quantum-entanglement-visualization-survey.bak10 already exists, incrementing by 1... (see maxNumberOfBackUps and onlyOneBackUp)
       /home/uni/literature-paper-submission-visualization/quantum-entanglement-visualization-survey.bak11 already exists, incrementing by 1... (see maxNumberOfBackUps and onlyOneBackUp)
       /home/uni/literature-paper-submission-visualization/quantum-entanglement-visualization-survey.bak12 already exists, incrementing by 1... (see maxNumberOfBackUps and onlyOneBackUp)
       /home/uni/literature-paper-submission-visualization/quantum-entanglement-visualization-survey.bak13 already exists, incrementing by 1... (see maxNumberOfBackUps and onlyOneBackUp)
       /home/uni/literature-paper-submission-visualization/quantum-entanglement-visualization-survey.bak14 already exists, incrementing by 1... (see maxNumberOfBackUps and onlyOneBackUp)
       /home/uni/literature-paper-submission-visualization/quantum-entanglement-visualization-survey.bak15 already exists, incrementing by 1... (see maxNumberOfBackUps and onlyOneBackUp)
       /home/uni/literature-paper-submission-visualization/quantum-entanglement-visualization-survey.bak16 already exists, incrementing by 1... (see maxNumberOfBackUps and onlyOneBackUp)
       /home/uni/literature-paper-submission-visualization/quantum-entanglement-visualization-survey.bak17 already exists, incrementing by 1... (see maxNumberOfBackUps and onlyOneBackUp)
       /home/uni/literature-paper-submission-visualization/quantum-entanglement-visualization-survey.bak18 already exists, incrementing by 1... (see maxNumberOfBackUps and onlyOneBackUp)
       /home/uni/literature-paper-submission-visualization/quantum-entanglement-visualization-survey.bak19 already exists, incrementing by 1... (see maxNumberOfBackUps and onlyOneBackUp)
       /home/uni/literature-paper-submission-visualization/quantum-entanglement-visualization-survey.bak20 already exists, incrementing by 1... (see maxNumberOfBackUps and onlyOneBackUp)
       /home/uni/literature-paper-submission-visualization/quantum-entanglement-visualization-survey.bak21 already exists, incrementing by 1... (see maxNumberOfBackUps and onlyOneBackUp)
       /home/uni/literature-paper-submission-visualization/quantum-entanglement-visualization-survey.bak22 already exists, incrementing by 1... (see maxNumberOfBackUps and onlyOneBackUp)
       /home/uni/literature-paper-submission-visualization/quantum-entanglement-visualization-survey.bak23 already exists, incrementing by 1... (see maxNumberOfBackUps and onlyOneBackUp)
       /home/uni/literature-paper-submission-visualization/quantum-entanglement-visualization-survey.bak24 already exists, incrementing by 1... (see maxNumberOfBackUps and onlyOneBackUp)
       /home/uni/literature-paper-submission-visualization/quantum-entanglement-visualization-survey.bak25 already exists, incrementing by 1... (see maxNumberOfBackUps and onlyOneBackUp)
       /home/uni/literature-paper-submission-visualization/quantum-entanglement-visualization-survey.bak26 already exists, incrementing by 1... (see maxNumberOfBackUps and onlyOneBackUp)
       /home/uni/literature-paper-submission-visualization/quantum-entanglement-visualization-survey.bak27 already exists, incrementing by 1... (see maxNumberOfBackUps and onlyOneBackUp)
       /home/uni/literature-paper-submission-visualization/quantum-entanglement-visualization-survey.bak28 already exists, incrementing by 1... (see maxNumberOfBackUps and onlyOneBackUp)
       /home/uni/literature-paper-submission-visualization/quantum-entanglement-visualization-survey.bak29 already exists, incrementing by 1... (see maxNumberOfBackUps and onlyOneBackUp)
       copying /home/uni/literature-paper-submission-visualization/quantum-entanglement-visualization-survey.tex to /home/uni/literature-paper-submission-visualization/quantum-entanglement-visualization-survey.bak30
       Backup file: /home/uni/literature-paper-submission-visualization/quantum-entanglement-visualization-survey.bak30
       /home/uni/literature-paper-submission-visualization/quantum-entanglement-visualization-survey.tex will be overwritten after indentation
INFO:  Phase 1: searching for objects
INFO:  Phase 2: finding surrounding indentation
INFO:  Phase 3: indenting objects
INFO:  Phase 4: final indentation check
INFO:  Output routine:
       Overwriting file /home/uni/literature-paper-submission-visualization/quantum-entanglement-visualization-survey.tex
       --------------
INFO:  Please direct all communication/issues to:
        https://github.com/cmhughes/latexindent.pl
